{
  "RSpec": {
    "coverage": {
      "/Users/Max/Programming/ShadeModeler/app/helpers/application_helper.rb": [
        1,
        null
      ],
      "/Users/Max/Programming/ShadeModeler/app/models/sun_angle.rb": [
        1,
        null
      ],
      "/Users/Max/Programming/ShadeModeler/app/models/application_record.rb": [
        1,
        1,
        null
      ],
      "/Users/Max/Programming/ShadeModeler/app/services/panel.rb": [
        1,
        1,
        null,
        1,
        4,
        4,
        4,
        4,
        4,
        4,
        null,
        null,
        1,
        64,
        null,
        null,
        1,
        16,
        null,
        null,
        1,
        16,
        null,
        null,
        1,
        4,
        4,
        null,
        4,
        4,
        4,
        null,
        null,
        1,
        4,
        4,
        null,
        4,
        4,
        4,
        null,
        null,
        1,
        4,
        4,
        null,
        4,
        4,
        4,
        null,
        null,
        1,
        4,
        4,
        null,
        4,
        4,
        4,
        null,
        null,
        1,
        16,
        null,
        null,
        1,
        16,
        null,
        null,
        null
      ],
      "/Users/Max/Programming/ShadeModeler/app/mailers/application_mailer.rb": [
        0,
        0,
        0,
        0
      ],
      "/Users/Max/Programming/ShadeModeler/app/jobs/application_job.rb": [
        0,
        0
      ],
      "/Users/Max/Programming/ShadeModeler/app/controllers/application_controller.rb": [
        0,
        0
      ],
      "/Users/Max/Programming/ShadeModeler/app/channels/application_cable/connection.rb": [
        0,
        0,
        0,
        0
      ],
      "/Users/Max/Programming/ShadeModeler/app/channels/application_cable/channel.rb": [
        0,
        0,
        0,
        0
      ]
    },
    "timestamp": 1532479173
  }
}
